Read1 before filtering:
total reads: 388357
total bases: 97477607
Q20 bases: 93322068(95.7369%)
Q30 bases: 87259660(89.5176%)

Read2 before filtering:
total reads: 388357
total bases: 97477607
Q20 bases: 91934004(94.3129%)
Q30 bases: 85481361(87.6933%)

Read1 after filtering:
total reads: 354319
total bases: 88647942
Q20 bases: 85015789(95.9027%)
Q30 bases: 79360922(89.5237%)

Read2 after filtering:
total reads: 354319
total bases: 88313989
Q20 bases: 83381816(94.4152%)
Q30 bases: 77304799(87.534%)

Filtering result:
reads passed filter: 708638
reads failed due to low quality: 0
reads failed due to too many N: 0
reads failed due to too short: 68076

Duplication rate: 18.6921%

Insert size peak (evaluated by paired-end reads): 312

JSON report: fastp.json
HTML report: data/html/MassExtra-Ref-8749_S1325.html

fastp --in1 data/fastqs/MassExtra-Ref-8749_S1325_L002_R1_001.fastq.gz --in2 data/fastqs/MassExtra-Ref-8749_S1325_L002_R2_001.fastq.gz --html data/html/MassExtra-Ref-8749_S1325.html --out1 data/poly-G-trimmed/MassExtra-Ref-8749_S1325_L002_R1_001.fastq.gz --out2 data/poly-G-trimmed/MassExtra-Ref-8749_S1325_L002_R2_001.fastq.gz --cut_tail --poly_g_min_len 4 --cut_tail_mean_quality 25 --cut_tail_window_size 2 --disable_adapter_trimming -l 150 -g -Q 
fastp v0.23.4, time used: 1 seconds
MassExtra-Ref-8749_S1325_L002_R1_001.fastq.gz
Read1 before filtering:
total reads: 356015
total bases: 89359765
Q20 bases: 85063863(95.1926%)
Q30 bases: 79240735(88.6761%)

Read2 before filtering:
total reads: 356015
total bases: 89359765
Q20 bases: 84798977(94.8962%)
Q30 bases: 79170534(88.5975%)

Read1 after filtering:
total reads: 333569
total bases: 83438685
Q20 bases: 79791578(95.629%)
Q30 bases: 74226153(88.9589%)

Read2 after filtering:
total reads: 333569
total bases: 83203212
Q20 bases: 79325731(95.3397%)
Q30 bases: 73935631(88.8615%)

Filtering result:
reads passed filter: 667138
reads failed due to low quality: 0
reads failed due to too many N: 0
reads failed due to too short: 44892

Duplication rate: 22.3648%

Insert size peak (evaluated by paired-end reads): 312

JSON report: fastp.json
HTML report: data/html/OverRef-0897_S1339.html

fastp --in1 data/fastqs/OverRef-0897_S1339_L002_R1_001.fastq.gz --in2 data/fastqs/OverRef-0897_S1339_L002_R2_001.fastq.gz --html data/html/OverRef-0897_S1339.html --out1 data/poly-G-trimmed/OverRef-0897_S1339_L002_R1_001.fastq.gz --out2 data/poly-G-trimmed/OverRef-0897_S1339_L002_R2_001.fastq.gz --cut_tail --poly_g_min_len 4 --cut_tail_mean_quality 25 --cut_tail_window_size 2 --disable_adapter_trimming -l 150 -g -Q 
fastp v0.23.4, time used: 2 seconds
OverRef-0897_S1339_L002_R1_001.fastq.gz
Read1 before filtering:
total reads: 329698
total bases: 82754198
Q20 bases: 75937063(91.7622%)
Q30 bases: 67531599(81.605%)

Read2 before filtering:
total reads: 329698
total bases: 82754198
Q20 bases: 78476909(94.8313%)
Q30 bases: 73306378(88.5833%)

Read1 after filtering:
total reads: 313507
total bases: 78306700
Q20 bases: 71998090(91.9437%)
Q30 bases: 63984022(81.7095%)

Read2 after filtering:
total reads: 313507
total bases: 78164209
Q20 bases: 74445563(95.2425%)
Q30 bases: 69531836(88.9561%)

Filtering result:
reads passed filter: 627014
reads failed due to low quality: 0
reads failed due to too many N: 0
reads failed due to too short: 32382

Duplication rate: 6.59846%

Insert size peak (evaluated by paired-end reads): 312

JSON report: fastp.json
HTML report: data/html/OverRef-3809_S1334.html

fastp --in1 data/fastqs/OverRef-3809_S1334_L002_R1_001.fastq.gz --in2 data/fastqs/OverRef-3809_S1334_L002_R2_001.fastq.gz --html data/html/OverRef-3809_S1334.html --out1 data/poly-G-trimmed/OverRef-3809_S1334_L002_R1_001.fastq.gz --out2 data/poly-G-trimmed/OverRef-3809_S1334_L002_R2_001.fastq.gz --cut_tail --poly_g_min_len 4 --cut_tail_mean_quality 25 --cut_tail_window_size 2 --disable_adapter_trimming -l 150 -g -Q 
fastp v0.23.4, time used: 2 seconds
OverRef-3809_S1334_L002_R1_001.fastq.gz
Read1 before filtering:
total reads: 264040
total bases: 66274040
Q20 bases: 62798629(94.756%)
Q30 bases: 58634676(88.4731%)

Read2 before filtering:
total reads: 264040
total bases: 66274040
Q20 bases: 62299310(94.0026%)
Q30 bases: 58281846(87.9407%)

Read1 after filtering:
total reads: 208331
total bases: 52078469
Q20 bases: 49799728(95.6244%)
Q30 bases: 46283912(88.8734%)

Read2 after filtering:
total reads: 208331
total bases: 51839208
Q20 bases: 49066735(94.6518%)
Q30 bases: 45702402(88.1618%)

Filtering result:
reads passed filter: 416662
reads failed due to low quality: 0
reads failed due to too many N: 0
reads failed due to too short: 111418

Duplication rate: 12.2095%

Insert size peak (evaluated by paired-end reads): 312

JSON report: fastp.json
HTML report: data/html/OverRef-7631_S1328.html

fastp --in1 data/fastqs/OverRef-7631_S1328_L002_R1_001.fastq.gz --in2 data/fastqs/OverRef-7631_S1328_L002_R2_001.fastq.gz --html data/html/OverRef-7631_S1328.html --out1 data/poly-G-trimmed/OverRef-7631_S1328_L002_R1_001.fastq.gz --out2 data/poly-G-trimmed/OverRef-7631_S1328_L002_R2_001.fastq.gz --cut_tail --poly_g_min_len 4 --cut_tail_mean_quality 25 --cut_tail_window_size 2 --disable_adapter_trimming -l 150 -g -Q 
fastp v0.23.4, time used: 1 seconds
OverRef-7631_S1328_L002_R1_001.fastq.gz
Read1 before filtering:
total reads: 337831
total bases: 84795581
Q20 bases: 76983436(90.7871%)
Q30 bases: 67690913(79.8283%)

Read2 before filtering:
total reads: 337831
total bases: 84795581
Q20 bases: 79144577(93.3357%)
Q30 bases: 73361204(86.5154%)

Read1 after filtering:
total reads: 335216
total bases: 83713445
Q20 bases: 76172690(90.9922%)
Q30 bases: 66980336(80.0114%)

Read2 after filtering:
total reads: 335216
total bases: 83481350
Q20 bases: 78234775(93.7153%)
Q30 bases: 72548948(86.9044%)

Filtering result:
reads passed filter: 670432
reads failed due to low quality: 0
reads failed due to too many N: 0
reads failed due to too short: 5230

Duplication rate: 2.77683%

Insert size peak (evaluated by paired-end reads): 312

JSON report: fastp.json
HTML report: data/html/OverStrs-1871_S1338.html

fastp --in1 data/fastqs/OverStrs-1871_S1338_L002_R1_001.fastq.gz --in2 data/fastqs/OverStrs-1871_S1338_L002_R2_001.fastq.gz --html data/html/OverStrs-1871_S1338.html --out1 data/poly-G-trimmed/OverStrs-1871_S1338_L002_R1_001.fastq.gz --out2 data/poly-G-trimmed/OverStrs-1871_S1338_L002_R2_001.fastq.gz --cut_tail --poly_g_min_len 4 --cut_tail_mean_quality 25 --cut_tail_window_size 2 --disable_adapter_trimming -l 150 -g -Q 
fastp v0.23.4, time used: 2 seconds
OverStrs-1871_S1338_L002_R1_001.fastq.gz
Read1 before filtering:
total reads: 414933
total bases: 104148183
Q20 bases: 97905196(94.0057%)
Q30 bases: 89356676(85.7976%)

Read2 before filtering:
total reads: 414933
total bases: 104148183
Q20 bases: 97209041(93.3372%)
Q30 bases: 89762147(86.187%)

Read1 after filtering:
total reads: 413634
total bases: 103448338
Q20 bases: 97404389(94.1575%)
Q30 bases: 88926838(85.9626%)

Read2 after filtering:
total reads: 413634
total bases: 103100902
Q20 bases: 96593390(93.6882%)
Q30 bases: 89238271(86.5543%)

Filtering result:
reads passed filter: 827268
reads failed due to low quality: 0
reads failed due to too many N: 0
reads failed due to too short: 2598

Duplication rate: 11.9475%

Insert size peak (evaluated by paired-end reads): 312

JSON report: fastp.json
HTML report: data/html/OverStrs-6365_S1315.html

fastp --in1 data/fastqs/OverStrs-6365_S1315_L002_R1_001.fastq.gz --in2 data/fastqs/OverStrs-6365_S1315_L002_R2_001.fastq.gz --html data/html/OverStrs-6365_S1315.html --out1 data/poly-G-trimmed/OverStrs-6365_S1315_L002_R1_001.fastq.gz --out2 data/poly-G-trimmed/OverStrs-6365_S1315_L002_R2_001.fastq.gz --cut_tail --poly_g_min_len 4 --cut_tail_mean_quality 25 --cut_tail_window_size 2 --disable_adapter_trimming -l 150 -g -Q 
fastp v0.23.4, time used: 2 seconds
OverStrs-6365_S1315_L002_R1_001.fastq.gz
Read1 before filtering:
total reads: 259219
total bases: 65063969
Q20 bases: 61376678(94.3328%)
Q30 bases: 56652419(87.0719%)

Read2 before filtering:
total reads: 259219
total bases: 65063969
Q20 bases: 61293165(94.2045%)
Q30 bases: 57106722(87.7701%)

Read1 after filtering:
total reads: 224803
total bases: 56185891
Q20 bases: 53192468(94.6723%)
Q30 bases: 48918835(87.066%)

Read2 after filtering:
total reads: 224803
total bases: 55996542
Q20 bases: 52764278(94.2277%)
Q30 bases: 48951883(87.4195%)

Filtering result:
reads passed filter: 449606
reads failed due to low quality: 0
reads failed due to too many N: 0
reads failed due to too short: 68832

Duplication rate: 11.3009%

Insert size peak (evaluated by paired-end reads): 312

JSON report: fastp.json
HTML report: data/html/OverStrs-6971_S1324.html

fastp --in1 data/fastqs/OverStrs-6971_S1324_L002_R1_001.fastq.gz --in2 data/fastqs/OverStrs-6971_S1324_L002_R2_001.fastq.gz --html data/html/OverStrs-6971_S1324.html --out1 data/poly-G-trimmed/OverStrs-6971_S1324_L002_R1_001.fastq.gz --out2 data/poly-G-trimmed/OverStrs-6971_S1324_L002_R2_001.fastq.gz --cut_tail --poly_g_min_len 4 --cut_tail_mean_quality 25 --cut_tail_window_size 2 --disable_adapter_trimming -l 150 -g -Q 
fastp v0.23.4, time used: 1 seconds
OverStrs-6971_S1324_L002_R1_001.fastq.gz
Read1 before filtering:
total reads: 305807
total bases: 76757557
Q20 bases: 66215856(86.2662%)
Q30 bases: 55498835(72.3041%)

Read2 before filtering:
total reads: 305807
total bases: 76757557
Q20 bases: 70846458(92.299%)
Q30 bases: 64851046(84.4882%)

Read1 after filtering:
total reads: 301782
total bases: 75174351
Q20 bases: 65055868(86.54%)
Q30 bases: 54523672(72.5296%)

Read2 after filtering:
total reads: 301782
total bases: 75099061
Q20 bases: 69599813(92.6773%)
Q30 bases: 63708596(84.8327%)

Filtering result:
reads passed filter: 603564
reads failed due to low quality: 0
reads failed due to too many N: 0
reads failed due to too short: 8050

Duplication rate: 0.560157%

Insert size peak (evaluated by paired-end reads): 312

JSON report: fastp.json
HTML report: data/html/OverStrs-8635_S1305.html

fastp --in1 data/fastqs/OverStrs-8635_S1305_L002_R1_001.fastq.gz --in2 data/fastqs/OverStrs-8635_S1305_L002_R2_001.fastq.gz --html data/html/OverStrs-8635_S1305.html --out1 data/poly-G-trimmed/OverStrs-8635_S1305_L002_R1_001.fastq.gz --out2 data/poly-G-trimmed/OverStrs-8635_S1305_L002_R2_001.fastq.gz --cut_tail --poly_g_min_len 4 --cut_tail_mean_quality 25 --cut_tail_window_size 2 --disable_adapter_trimming -l 150 -g -Q 
fastp v0.23.4, time used: 2 seconds
OverStrs-8635_S1305_L002_R1_001.fastq.gz
Read1 before filtering:
total reads: 490469
total bases: 123107719
Q20 bases: 117465060(95.4165%)
Q30 bases: 109177337(88.6844%)

Read2 before filtering:
total reads: 490469
total bases: 123107719
Q20 bases: 115709026(93.9901%)
Q30 bases: 107568542(87.3776%)

Read1 after filtering:
total reads: 487950
total bases: 122126513
Q20 bases: 116696993(95.5542%)
Q30 bases: 108487301(88.8319%)

Read2 after filtering:
total reads: 487950
total bases: 121602843
Q20 bases: 114734606(94.3519%)
Q30 bases: 106706408(87.7499%)

Filtering result:
reads passed filter: 975900
reads failed due to low quality: 0
reads failed due to too many N: 0
reads failed due to too short: 5038

Duplication rate: 13.5876%

Insert size peak (evaluated by paired-end reads): 312

JSON report: fastp.json
HTML report: data/html/OverStrs-9519_S1306.html

fastp --in1 data/fastqs/OverStrs-9519_S1306_L002_R1_001.fastq.gz --in2 data/fastqs/OverStrs-9519_S1306_L002_R2_001.fastq.gz --html data/html/OverStrs-9519_S1306.html --out1 data/poly-G-trimmed/OverStrs-9519_S1306_L002_R1_001.fastq.gz --out2 data/poly-G-trimmed/OverStrs-9519_S1306_L002_R2_001.fastq.gz --cut_tail --poly_g_min_len 4 --cut_tail_mean_quality 25 --cut_tail_window_size 2 --disable_adapter_trimming -l 150 -g -Q 
fastp v0.23.4, time used: 2 seconds
OverStrs-9519_S1306_L002_R1_001.fastq.gz
Read1 before filtering:
total reads: 409475
total bases: 102778225
Q20 bases: 96314635(93.7111%)
Q30 bases: 87896358(85.5204%)

Read2 before filtering:
total reads: 409475
total bases: 102778225
Q20 bases: 96405387(93.7994%)
Q30 bases: 89376676(86.9607%)

Read1 after filtering:
total reads: 396698
total bases: 99158929
Q20 bases: 93126156(93.9161%)
Q30 bases: 84924003(85.6443%)

Read2 after filtering:
total reads: 396698
total bases: 98821943
Q20 bases: 92974677(94.083%)
Q30 bases: 86125946(87.1527%)

Filtering result:
reads passed filter: 793396
reads failed due to low quality: 0
reads failed due to too many N: 0
reads failed due to too short: 25554

Duplication rate: 8.61689%

Insert size peak (evaluated by paired-end reads): 312

JSON report: fastp.json
HTML report: data/html/PrimeRef-0065_S1327.html

fastp --in1 data/fastqs/PrimeRef-0065_S1327_L002_R1_001.fastq.gz --in2 data/fastqs/PrimeRef-0065_S1327_L002_R2_001.fastq.gz --html data/html/PrimeRef-0065_S1327.html --out1 data/poly-G-trimmed/PrimeRef-0065_S1327_L002_R1_001.fastq.gz --out2 data/poly-G-trimmed/PrimeRef-0065_S1327_L002_R2_001.fastq.gz --cut_tail --poly_g_min_len 4 --cut_tail_mean_quality 25 --cut_tail_window_size 2 --disable_adapter_trimming -l 150 -g -Q 
fastp v0.23.4, time used: 2 seconds
PrimeRef-0065_S1327_L002_R1_001.fastq.gz
Read1 before filtering:
total reads: 513502
total bases: 128889002
Q20 bases: 122497453(95.041%)
Q30 bases: 113391475(87.9761%)

Read2 before filtering:
total reads: 513502
total bases: 128889002
Q20 bases: 121832335(94.525%)
Q30 bases: 113385244(87.9712%)

Read1 after filtering:
total reads: 497277
total bases: 124404999
Q20 bases: 118466869(95.2268%)
Q30 bases: 109621199(88.1164%)

Read2 after filtering:
total reads: 497277
total bases: 123994266
Q20 bases: 117524455(94.7822%)
Q30 bases: 109289778(88.141%)

Filtering result:
reads passed filter: 994554
reads failed due to low quality: 0
reads failed due to too many N: 0
reads failed due to too short: 32450

Duplication rate: 15.4911%

Insert size peak (evaluated by paired-end reads): 312

JSON report: fastp.json
HTML report: data/html/PrimeRef-0363-QC_S1299.html

fastp --in1 data/fastqs/PrimeRef-0363-QC_S1299_L002_R1_001.fastq.gz --in2 data/fastqs/PrimeRef-0363-QC_S1299_L002_R2_001.fastq.gz --html data/html/PrimeRef-0363-QC_S1299.html --out1 data/poly-G-trimmed/PrimeRef-0363-QC_S1299_L002_R1_001.fastq.gz --out2 data/poly-G-trimmed/PrimeRef-0363-QC_S1299_L002_R2_001.fastq.gz --cut_tail --poly_g_min_len 4 --cut_tail_mean_quality 25 --cut_tail_window_size 2 --disable_adapter_trimming -l 150 -g -Q 
fastp v0.23.4, time used: 2 seconds
PrimeRef-0363-QC_S1299_L002_R1_001.fastq.gz
Read1 before filtering:
total reads: 348066
total bases: 87364566
Q20 bases: 83063475(95.0768%)
Q30 bases: 77011515(88.1496%)

Read2 before filtering:
total reads: 348066
total bases: 87364566
Q20 bases: 82779934(94.7523%)
Q30 bases: 77348984(88.5359%)

Read1 after filtering:
total reads: 327227
total bases: 81887845
Q20 bases: 78017808(95.274%)
Q30 bases: 72262520(88.2457%)

Read2 after filtering:
total reads: 327227
total bases: 81602093
Q20 bases: 77645357(95.1512%)
Q30 bases: 72430026(88.76%)

Filtering result:
reads passed filter: 654454
reads failed due to low quality: 0
reads failed due to too many N: 0
reads failed due to too short: 41678

Duplication rate: 17.8914%

Insert size peak (evaluated by paired-end reads): 312

JSON report: fastp.json
HTML report: data/html/PrimeRef-0363_S1298.html

fastp --in1 data/fastqs/PrimeRef-0363_S1298_L002_R1_001.fastq.gz --in2 data/fastqs/PrimeRef-0363_S1298_L002_R2_001.fastq.gz --html data/html/PrimeRef-0363_S1298.html --out1 data/poly-G-trimmed/PrimeRef-0363_S1298_L002_R1_001.fastq.gz --out2 data/poly-G-trimmed/PrimeRef-0363_S1298_L002_R2_001.fastq.gz --cut_tail --poly_g_min_len 4 --cut_tail_mean_quality 25 --cut_tail_window_size 2 --disable_adapter_trimming -l 150 -g -Q 
fastp v0.23.4, time used: 2 seconds
PrimeRef-0363_S1298_L002_R1_001.fastq.gz
Read1 before filtering:
total reads: 381455
total bases: 95745205
Q20 bases: 91177899(95.2297%)
Q30 bases: 84619710(88.3801%)

Read2 before filtering:
total reads: 381455
total bases: 95745205
Q20 bases: 89918886(93.9148%)
Q30 bases: 83665306(87.3833%)

Read1 after filtering:
total reads: 340649
total bases: 85252145
Q20 bases: 81319336(95.3869%)
Q30 bases: 75295243(88.3206%)

Read2 after filtering:
total reads: 340649
total bases: 84881532
Q20 bases: 79755266(93.9607%)
Q30 bases: 73957012(87.1297%)

Filtering result:
reads passed filter: 681298
reads failed due to low quality: 0
reads failed due to too many N: 0
reads failed due to too short: 81612

Duplication rate: 18.5332%

Insert size peak (evaluated by paired-end reads): 312

JSON report: fastp.json
HTML report: data/html/PrimeRef-0379_S1300.html

fastp --in1 data/fastqs/PrimeRef-0379_S1300_L002_R1_001.fastq.gz --in2 data/fastqs/PrimeRef-0379_S1300_L002_R2_001.fastq.gz --html data/html/PrimeRef-0379_S1300.html --out1 data/poly-G-trimmed/PrimeRef-0379_S1300_L002_R1_001.fastq.gz --out2 data/poly-G-trimmed/PrimeRef-0379_S1300_L002_R2_001.fastq.gz --cut_tail --poly_g_min_len 4 --cut_tail_mean_quality 25 --cut_tail_window_size 2 --disable_adapter_trimming -l 150 -g -Q 
fastp v0.23.4, time used: 1 seconds
PrimeRef-0379_S1300_L002_R1_001.fastq.gz
Read1 before filtering:
total reads: 224969
total bases: 56467219
Q20 bases: 49817370(88.2235%)
Q30 bases: 42421769(75.1264%)

Read2 before filtering:
total reads: 224969
total bases: 56467219
Q20 bases: 53282299(94.3597%)
Q30 bases: 49488040(87.6403%)

Read1 after filtering:
total reads: 199958
total bases: 49862773
Q20 bases: 44182764(88.6087%)
Q30 bases: 37771399(75.7507%)

Read2 after filtering:
total reads: 199958
total bases: 49827576
Q20 bases: 47132332(94.5909%)
Q30 bases: 43651121(87.6043%)

Filtering result:
reads passed filter: 399916
reads failed due to low quality: 0
reads failed due to too many N: 0
reads failed due to too short: 50022

Duplication rate: 2.87995%

Insert size peak (evaluated by paired-end reads): 312

JSON report: fastp.json
HTML report: data/html/PrimeRef-0783_S1337.html

fastp --in1 data/fastqs/PrimeRef-0783_S1337_L002_R1_001.fastq.gz --in2 data/fastqs/PrimeRef-0783_S1337_L002_R2_001.fastq.gz --html data/html/PrimeRef-0783_S1337.html --out1 data/poly-G-trimmed/PrimeRef-0783_S1337_L002_R1_001.fastq.gz --out2 data/poly-G-trimmed/PrimeRef-0783_S1337_L002_R2_001.fastq.gz --cut_tail --poly_g_min_len 4 --cut_tail_mean_quality 25 --cut_tail_window_size 2 --disable_adapter_trimming -l 150 -g -Q 
fastp v0.23.4, time used: 2 seconds
PrimeRef-0783_S1337_L002_R1_001.fastq.gz
Read1 before filtering:
total reads: 384932
total bases: 96617932
Q20 bases: 91052468(94.2397%)
Q30 bases: 83634964(86.5626%)

Read2 before filtering:
total reads: 384932
total bases: 96617932
Q20 bases: 91005106(94.1907%)
Q30 bases: 84460429(87.4169%)

Read1 after filtering:
total reads: 358652
total bases: 89628763
Q20 bases: 84629590(94.4224%)
Q30 bases: 77581088(86.5582%)

Read2 after filtering:
total reads: 358652
total bases: 89366725
Q20 bases: 84482320(94.5344%)
Q30 bases: 78245733(87.5558%)

Filtering result:
reads passed filter: 717304
reads failed due to low quality: 0
reads failed due to too many N: 0
reads failed due to too short: 52560

Duplication rate: 12.8298%

Insert size peak (evaluated by paired-end reads): 312

JSON report: fastp.json
HTML report: data/html/PrimeRef-1781_S1335.html

fastp --in1 data/fastqs/PrimeRef-1781_S1335_L002_R1_001.fastq.gz --in2 data/fastqs/PrimeRef-1781_S1335_L002_R2_001.fastq.gz --html data/html/PrimeRef-1781_S1335.html --out1 data/poly-G-trimmed/PrimeRef-1781_S1335_L002_R1_001.fastq.gz --out2 data/poly-G-trimmed/PrimeRef-1781_S1335_L002_R2_001.fastq.gz --cut_tail --poly_g_min_len 4 --cut_tail_mean_quality 25 --cut_tail_window_size 2 --disable_adapter_trimming -l 150 -g -Q 
fastp v0.23.4, time used: 2 seconds
PrimeRef-1781_S1335_L002_R1_001.fastq.gz
Read1 before filtering:
total reads: 230284
total bases: 57801284
Q20 bases: 55213033(95.5222%)
Q30 bases: 51447816(89.0081%)

Read2 before filtering:
total reads: 230284
total bases: 57801284
Q20 bases: 53867322(93.194%)
Q30 bases: 49485158(85.6126%)

Read1 after filtering:
total reads: 228437
total bases: 57135090
Q20 bases: 54668748(95.6833%)
Q30 bases: 50951088(89.1765%)

Read2 after filtering:
total reads: 228437
total bases: 56895631
Q20 bases: 53230134(93.5575%)
Q30 bases: 48913256(85.9701%)

Filtering result:
reads passed filter: 456874
reads failed due to low quality: 0
reads failed due to too many N: 0
reads failed due to too short: 3694

Duplication rate: 14.0361%

Insert size peak (evaluated by paired-end reads): 312

JSON report: fastp.json
HTML report: data/html/PrimeRef-2325_S1314.html

fastp --in1 data/fastqs/PrimeRef-2325_S1314_L002_R1_001.fastq.gz --in2 data/fastqs/PrimeRef-2325_S1314_L002_R2_001.fastq.gz --html data/html/PrimeRef-2325_S1314.html --out1 data/poly-G-trimmed/PrimeRef-2325_S1314_L002_R1_001.fastq.gz --out2 data/poly-G-trimmed/PrimeRef-2325_S1314_L002_R2_001.fastq.gz --cut_tail --poly_g_min_len 4 --cut_tail_mean_quality 25 --cut_tail_window_size 2 --disable_adapter_trimming -l 150 -g -Q 
fastp v0.23.4, time used: 1 seconds
PrimeRef-2325_S1314_L002_R1_001.fastq.gz
Read1 before filtering:
total reads: 510622
total bases: 128166122
Q20 bases: 120586489(94.0861%)
Q30 bases: 110233005(86.0079%)

Read2 before filtering:
total reads: 510622
total bases: 128166122
Q20 bases: 121695476(94.9514%)
Q30 bases: 113704219(88.7163%)

Read1 after filtering:
total reads: 490989
total bases: 122721517
Q20 bases: 115664811(94.2498%)
Q30 bases: 105664514(86.101%)

Read2 after filtering:
total reads: 490989
total bases: 122345996
Q20 bases: 116521861(95.2396%)
Q30 bases: 108792052(88.9216%)

Filtering result:
reads passed filter: 981978
reads failed due to low quality: 0
reads failed due to too many N: 0
reads failed due to too short: 39266

Duplication rate: 13.6718%

Insert size peak (evaluated by paired-end reads): 312

JSON report: fastp.json
HTML report: data/html/PrimeRef-4614_S1301.html

fastp --in1 data/fastqs/PrimeRef-4614_S1301_L002_R1_001.fastq.gz --in2 data/fastqs/PrimeRef-4614_S1301_L002_R2_001.fastq.gz --html data/html/PrimeRef-4614_S1301.html --out1 data/poly-G-trimmed/PrimeRef-4614_S1301_L002_R1_001.fastq.gz --out2 data/poly-G-trimmed/PrimeRef-4614_S1301_L002_R2_001.fastq.gz --cut_tail --poly_g_min_len 4 --cut_tail_mean_quality 25 --cut_tail_window_size 2 --disable_adapter_trimming -l 150 -g -Q 
fastp v0.23.4, time used: 2 seconds
PrimeRef-4614_S1301_L002_R1_001.fastq.gz
Read1 before filtering:
total reads: 53863
total bases: 13519613
Q20 bases: 12942081(95.7282%)
Q30 bases: 12132030(89.7365%)

Read2 before filtering:
total reads: 53863
total bases: 13519613
Q20 bases: 12744029(94.2633%)
Q30 bases: 11883133(87.8955%)

Read1 after filtering:
total reads: 40975
total bases: 10247734
Q20 bases: 9798112(95.6125%)
Q30 bases: 9122189(89.0166%)

Read2 after filtering:
total reads: 40975
total bases: 10207101
Q20 bases: 9577022(93.8271%)
Q30 bases: 8852854(86.7323%)

Filtering result:
reads passed filter: 81950
reads failed due to low quality: 0
reads failed due to too many N: 0
reads failed due to too short: 25776

Duplication rate: 22.923%

Insert size peak (evaluated by paired-end reads): 312

JSON report: fastp.json
HTML report: data/html/PrimeRef-5379_S1322.html

fastp --in1 data/fastqs/PrimeRef-5379_S1322_L002_R1_001.fastq.gz --in2 data/fastqs/PrimeRef-5379_S1322_L002_R2_001.fastq.gz --html data/html/PrimeRef-5379_S1322.html --out1 data/poly-G-trimmed/PrimeRef-5379_S1322_L002_R1_001.fastq.gz --out2 data/poly-G-trimmed/PrimeRef-5379_S1322_L002_R2_001.fastq.gz --cut_tail --poly_g_min_len 4 --cut_tail_mean_quality 25 --cut_tail_window_size 2 --disable_adapter_trimming -l 150 -g -Q 
fastp v0.23.4, time used: 1 seconds
PrimeRef-5379_S1322_L002_R1_001.fastq.gz
Read1 before filtering:
total reads: 324316
total bases: 81403316
Q20 bases: 77681671(95.4281%)
Q30 bases: 72388854(88.9262%)

Read2 before filtering:
total reads: 324316
total bases: 81403316
Q20 bases: 75691620(92.9835%)
Q30 bases: 70221288(86.2634%)

Read1 after filtering:
total reads: 295671
total bases: 73910338
Q20 bases: 70598052(95.5185%)
Q30 bases: 65658931(88.8359%)

Read2 after filtering:
total reads: 295671
total bases: 73475349
Q20 bases: 68480864(93.2025%)
Q30 bases: 63367370(86.243%)

Filtering result:
reads passed filter: 591342
reads failed due to low quality: 0
reads failed due to too many N: 0
reads failed due to too short: 57290

Duplication rate: 13.8208%

Insert size peak (evaluated by paired-end reads): 312

JSON report: fastp.json
HTML report: data/html/PrimeRef-6366_S1317.html

fastp --in1 data/fastqs/PrimeRef-6366_S1317_L002_R1_001.fastq.gz --in2 data/fastqs/PrimeRef-6366_S1317_L002_R2_001.fastq.gz --html data/html/PrimeRef-6366_S1317.html --out1 data/poly-G-trimmed/PrimeRef-6366_S1317_L002_R1_001.fastq.gz --out2 data/poly-G-trimmed/PrimeRef-6366_S1317_L002_R2_001.fastq.gz --cut_tail --poly_g_min_len 4 --cut_tail_mean_quality 25 --cut_tail_window_size 2 --disable_adapter_trimming -l 150 -g -Q 
fastp v0.23.4, time used: 1 seconds
PrimeRef-6366_S1317_L002_R1_001.fastq.gz
Read1 before filtering:
total reads: 405895
total bases: 101879645
Q20 bases: 93844609(92.1132%)
Q30 bases: 83790109(82.2442%)

Read2 before filtering:
total reads: 405895
total bases: 101879645
Q20 bases: 97098504(95.3071%)
Q30 bases: 90895951(89.219%)

Read1 after filtering:
total reads: 398173
total bases: 99481596
Q20 bases: 91774154(92.2524%)
Q30 bases: 81930170(82.3571%)

Read2 after filtering:
total reads: 398173
total bases: 99313753
Q20 bases: 95020907(95.6775%)
Q30 bases: 88938141(89.5527%)

Filtering result:
reads passed filter: 796346
reads failed due to low quality: 0
reads failed due to too many N: 0
reads failed due to too short: 15444

Duplication rate: 10.0452%

Insert size peak (evaluated by paired-end reads): 312

JSON report: fastp.json
HTML report: data/html/PrimeRef-6395_S1323.html

fastp --in1 data/fastqs/PrimeRef-6395_S1323_L002_R1_001.fastq.gz --in2 data/fastqs/PrimeRef-6395_S1323_L002_R2_001.fastq.gz --html data/html/PrimeRef-6395_S1323.html --out1 data/poly-G-trimmed/PrimeRef-6395_S1323_L002_R1_001.fastq.gz --out2 data/poly-G-trimmed/PrimeRef-6395_S1323_L002_R2_001.fastq.gz --cut_tail --poly_g_min_len 4 --cut_tail_mean_quality 25 --cut_tail_window_size 2 --disable_adapter_trimming -l 150 -g -Q 
fastp v0.23.4, time used: 2 seconds
PrimeRef-6395_S1323_L002_R1_001.fastq.gz
Read1 before filtering:
total reads: 357979
total bases: 89852729
Q20 bases: 85639031(95.3104%)
Q30 bases: 79435818(88.4067%)

Read2 before filtering:
total reads: 357979
total bases: 89852729
Q20 bases: 84959504(94.5542%)
Q30 bases: 78983733(87.9035%)

Read1 after filtering:
total reads: 354507
total bases: 88709998
Q20 bases: 84663626(95.4387%)
Q30 bases: 78537778(88.5332%)

Read2 after filtering:
total reads: 354507
total bases: 88409267
Q20 bases: 83863051(94.8578%)
Q30 bases: 77974726(88.1975%)

Filtering result:
reads passed filter: 709014
reads failed due to low quality: 0
reads failed due to too many N: 0
reads failed due to too short: 6944

Duplication rate: 19.8107%

Insert size peak (evaluated by paired-end reads): 312

JSON report: fastp.json
HTML report: data/html/PrimeRef-7271_S1310.html

fastp --in1 data/fastqs/PrimeRef-7271_S1310_L002_R1_001.fastq.gz --in2 data/fastqs/PrimeRef-7271_S1310_L002_R2_001.fastq.gz --html data/html/PrimeRef-7271_S1310.html --out1 data/poly-G-trimmed/PrimeRef-7271_S1310_L002_R1_001.fastq.gz --out2 data/poly-G-trimmed/PrimeRef-7271_S1310_L002_R2_001.fastq.gz --cut_tail --poly_g_min_len 4 --cut_tail_mean_quality 25 --cut_tail_window_size 2 --disable_adapter_trimming -l 150 -g -Q 
fastp v0.23.4, time used: 2 seconds
PrimeRef-7271_S1310_L002_R1_001.fastq.gz
Read1 before filtering:
total reads: 274277
total bases: 68843527
Q20 bases: 59990717(87.1407%)
Q30 bases: 50566542(73.4514%)

Read2 before filtering:
total reads: 274277
total bases: 68843527
Q20 bases: 65651860(95.3639%)
Q30 bases: 61530438(89.3772%)

Read1 after filtering:
total reads: 263698
total bases: 65796071
Q20 bases: 57401563(87.2416%)
Q30 bases: 48316191(73.4332%)

Read2 after filtering:
total reads: 263698
total bases: 65786883
Q20 bases: 62907591(95.6233%)
Q30 bases: 58878617(89.499%)

Filtering result:
reads passed filter: 527396
reads failed due to low quality: 0
reads failed due to too many N: 0
reads failed due to too short: 21158

Duplication rate: 2.78842%

Insert size peak (evaluated by paired-end reads): 312

JSON report: fastp.json
HTML report: data/html/PrimeRef-8122_S1336.html

fastp --in1 data/fastqs/PrimeRef-8122_S1336_L002_R1_001.fastq.gz --in2 data/fastqs/PrimeRef-8122_S1336_L002_R2_001.fastq.gz --html data/html/PrimeRef-8122_S1336.html --out1 data/poly-G-trimmed/PrimeRef-8122_S1336_L002_R1_001.fastq.gz --out2 data/poly-G-trimmed/PrimeRef-8122_S1336_L002_R2_001.fastq.gz --cut_tail --poly_g_min_len 4 --cut_tail_mean_quality 25 --cut_tail_window_size 2 --disable_adapter_trimming -l 150 -g -Q 
fastp v0.23.4, time used: 1 seconds
PrimeRef-8122_S1336_L002_R1_001.fastq.gz
Read1 before filtering:
total reads: 537741
total bases: 134972991
Q20 bases: 128865071(95.4747%)
Q30 bases: 120186022(89.0445%)

Read2 before filtering:
total reads: 537741
total bases: 134972991
Q20 bases: 125961893(93.3238%)
Q30 bases: 116731508(86.4851%)

Read1 after filtering:
total reads: 515867
total bases: 129046519
Q20 bases: 123607938(95.7856%)
Q30 bases: 115208699(89.2769%)

Read2 after filtering:
total reads: 515867
total bases: 128499325
Q20 bases: 120385662(93.6858%)
Q30 bases: 111494193(86.7664%)

Filtering result:
reads passed filter: 1031734
reads failed due to low quality: 0
reads failed due to too many N: 0
reads failed due to too short: 43748

Duplication rate: 11.0589%

Insert size peak (evaluated by paired-end reads): 312

JSON report: fastp.json
HTML report: data/html/PrimeRef-8541_S1331.html

fastp --in1 data/fastqs/PrimeRef-8541_S1331_L002_R1_001.fastq.gz --in2 data/fastqs/PrimeRef-8541_S1331_L002_R2_001.fastq.gz --html data/html/PrimeRef-8541_S1331.html --out1 data/poly-G-trimmed/PrimeRef-8541_S1331_L002_R1_001.fastq.gz --out2 data/poly-G-trimmed/PrimeRef-8541_S1331_L002_R2_001.fastq.gz --cut_tail --poly_g_min_len 4 --cut_tail_mean_quality 25 --cut_tail_window_size 2 --disable_adapter_trimming -l 150 -g -Q 
fastp v0.23.4, time used: 2 seconds
PrimeRef-8541_S1331_L002_R1_001.fastq.gz
Read1 before filtering:
total reads: 436680
total bases: 109606680
Q20 bases: 104568355(95.4033%)
Q30 bases: 97086753(88.5774%)

Read2 before filtering:
total reads: 436680
total bases: 109606680
Q20 bases: 100642637(91.8216%)
Q30 bases: 92712356(84.5864%)

Read1 after filtering:
total reads: 433033
total bases: 108376453
Q20 bases: 103524110(95.5227%)
Q30 bases: 96126972(88.6973%)

Read2 after filtering:
total reads: 433033
total bases: 107638635
Q20 bases: 99333252(92.284%)
Q30 bases: 91550031(85.0531%)

Filtering result:
reads passed filter: 866066
reads failed due to low quality: 0
reads failed due to too many N: 0
reads failed due to too short: 7294

Duplication rate: 6.2476%

Insert size peak (evaluated by paired-end reads): 312

JSON report: fastp.json
HTML report: data/html/PrimeRef-9677-QC_S1304.html

fastp --in1 data/fastqs/PrimeRef-9677-QC_S1304_L002_R1_001.fastq.gz --in2 data/fastqs/PrimeRef-9677-QC_S1304_L002_R2_001.fastq.gz --html data/html/PrimeRef-9677-QC_S1304.html --out1 data/poly-G-trimmed/PrimeRef-9677-QC_S1304_L002_R1_001.fastq.gz --out2 data/poly-G-trimmed/PrimeRef-9677-QC_S1304_L002_R2_001.fastq.gz --cut_tail --poly_g_min_len 4 --cut_tail_mean_quality 25 --cut_tail_window_size 2 --disable_adapter_trimming -l 150 -g -Q 
fastp v0.23.4, time used: 3 seconds
PrimeRef-9677-QC_S1304_L002_R1_001.fastq.gz
Read1 before filtering:
total reads: 347823
total bases: 87303573
Q20 bases: 82545734(94.5502%)
Q30 bases: 75885763(86.9217%)

Read2 before filtering:
total reads: 347823
total bases: 87303573
Q20 bases: 80553914(92.2687%)
Q30 bases: 74247724(85.0455%)

Read1 after filtering:
total reads: 344586
total bases: 86214627
Q20 bases: 81670186(94.7289%)
Q30 bases: 75084350(87.09%)

Read2 after filtering:
total reads: 344586
total bases: 85691997
Q20 bases: 79444852(92.7098%)
Q30 bases: 73252997(85.4841%)

Filtering result:
reads passed filter: 689172
reads failed due to low quality: 0
reads failed due to too many N: 0
reads failed due to too short: 6474

Duplication rate: 5.49734%

Insert size peak (evaluated by paired-end reads): 312

JSON report: fastp.json
HTML report: data/html/PrimeRef-9677_S1303.html

fastp --in1 data/fastqs/PrimeRef-9677_S1303_L002_R1_001.fastq.gz --in2 data/fastqs/PrimeRef-9677_S1303_L002_R2_001.fastq.gz --html data/html/PrimeRef-9677_S1303.html --out1 data/poly-G-trimmed/PrimeRef-9677_S1303_L002_R1_001.fastq.gz --out2 data/poly-G-trimmed/PrimeRef-9677_S1303_L002_R2_001.fastq.gz --cut_tail --poly_g_min_len 4 --cut_tail_mean_quality 25 --cut_tail_window_size 2 --disable_adapter_trimming -l 150 -g -Q 
fastp v0.23.4, time used: 1 seconds
PrimeRef-9677_S1303_L002_R1_001.fastq.gz
Read1 before filtering:
total reads: 245699
total bases: 61670449
Q20 bases: 55932155(90.6952%)
Q30 bases: 49074222(79.5749%)

Read2 before filtering:
total reads: 245699
total bases: 61670449
Q20 bases: 58736555(95.2426%)
Q30 bases: 55054359(89.2719%)

Read1 after filtering:
total reads: 220777
total bases: 55096054
Q20 bases: 50017252(90.7819%)
Q30 bases: 43879586(79.642%)

Read2 after filtering:
total reads: 220777
total bases: 55041739
Q20 bases: 52518266(95.4153%)
Q30 bases: 49115558(89.2333%)

Filtering result:
reads passed filter: 441554
reads failed due to low quality: 0
reads failed due to too many N: 0
reads failed due to too short: 49844

Duplication rate: 6.78513%

Insert size peak (evaluated by paired-end reads): 312

JSON report: fastp.json
HTML report: data/html/PrimeStrs-0917_S1341.html

fastp --in1 data/fastqs/PrimeStrs-0917_S1341_L002_R1_001.fastq.gz --in2 data/fastqs/PrimeStrs-0917_S1341_L002_R2_001.fastq.gz --html data/html/PrimeStrs-0917_S1341.html --out1 data/poly-G-trimmed/PrimeStrs-0917_S1341_L002_R1_001.fastq.gz --out2 data/poly-G-trimmed/PrimeStrs-0917_S1341_L002_R2_001.fastq.gz --cut_tail --poly_g_min_len 4 --cut_tail_mean_quality 25 --cut_tail_window_size 2 --disable_adapter_trimming -l 150 -g -Q 
fastp v0.23.4, time used: 1 seconds
PrimeStrs-0917_S1341_L002_R1_001.fastq.gz
Read1 before filtering:
total reads: 370088
total bases: 92892088
Q20 bases: 89048921(95.8628%)
Q30 bases: 83128451(89.4893%)

Read2 before filtering:
total reads: 370088
total bases: 92892088
Q20 bases: 88311118(95.0685%)
Q30 bases: 82445668(88.7542%)

Read1 after filtering:
total reads: 364168
total bases: 91151772
Q20 bases: 87492895(95.986%)
Q30 bases: 81675324(89.6037%)

Read2 after filtering:
total reads: 364168
total bases: 90830900
Q20 bases: 86641369(95.3875%)
Q30 bases: 80883365(89.0483%)

Filtering result:
reads passed filter: 728336
reads failed due to low quality: 0
reads failed due to too many N: 0
reads failed due to too short: 11840

Duplication rate: 26.1778%

Insert size peak (evaluated by paired-end reads): 312

JSON report: fastp.json
HTML report: data/html/PrimeStrs-1863_S1312.html

fastp --in1 data/fastqs/PrimeStrs-1863_S1312_L002_R1_001.fastq.gz --in2 data/fastqs/PrimeStrs-1863_S1312_L002_R2_001.fastq.gz --html data/html/PrimeStrs-1863_S1312.html --out1 data/poly-G-trimmed/PrimeStrs-1863_S1312_L002_R1_001.fastq.gz --out2 data/poly-G-trimmed/PrimeStrs-1863_S1312_L002_R2_001.fastq.gz --cut_tail --poly_g_min_len 4 --cut_tail_mean_quality 25 --cut_tail_window_size 2 --disable_adapter_trimming -l 150 -g -Q 
fastp v0.23.4, time used: 2 seconds
PrimeStrs-1863_S1312_L002_R1_001.fastq.gz
Read1 before filtering:
total reads: 12451
total bases: 3125201
Q20 bases: 2732954(87.4489%)
Q30 bases: 2451229(78.4343%)

Read2 before filtering:
total reads: 12451
total bases: 3125201
Q20 bases: 2996919(95.8952%)
Q30 bases: 2851554(91.2439%)

Read1 after filtering:
total reads: 5
total bases: 1135
Q20 bases: 697(61.4097%)
Q30 bases: 541(47.6652%)

Read2 after filtering:
total reads: 5
total bases: 1125
Q20 bases: 665(59.1111%)
Q30 bases: 488(43.3778%)

Filtering result:
reads passed filter: 10
reads failed due to low quality: 0
reads failed due to too many N: 0
reads failed due to too short: 24892

Duplication rate: 0.168661%

Insert size peak (evaluated by paired-end reads): 0

JSON report: fastp.json
HTML report: data/html/PrimeStrs-3779_S1302.html

fastp --in1 data/fastqs/PrimeStrs-3779_S1302_L002_R1_001.fastq.gz --in2 data/fastqs/PrimeStrs-3779_S1302_L002_R2_001.fastq.gz --html data/html/PrimeStrs-3779_S1302.html --out1 data/poly-G-trimmed/PrimeStrs-3779_S1302_L002_R1_001.fastq.gz --out2 data/poly-G-trimmed/PrimeStrs-3779_S1302_L002_R2_001.fastq.gz --cut_tail --poly_g_min_len 4 --cut_tail_mean_quality 25 --cut_tail_window_size 2 --disable_adapter_trimming -l 150 -g -Q 
fastp v0.23.4, time used: 0 seconds
PrimeStrs-3779_S1302_L002_R1_001.fastq.gz
Read1 before filtering:
total reads: 10456
total bases: 2624456
Q20 bases: 2503055(95.3742%)
Q30 bases: 2321947(88.4735%)

Read2 before filtering:
total reads: 10456
total bases: 2624456
Q20 bases: 2444531(93.1443%)
Q30 bases: 2265491(86.3223%)

Read1 after filtering:
total reads: 10433
total bases: 2610616
Q20 bases: 2493468(95.5126%)
Q30 bases: 2313749(88.6285%)

Read2 after filtering:
total reads: 10433
total bases: 2597937
Q20 bases: 2430515(93.5556%)
Q30 bases: 2253926(86.7583%)

Filtering result:
reads passed filter: 20866
reads failed due to low quality: 0
reads failed due to too many N: 0
reads failed due to too short: 46

Duplication rate: 4.49503%

Insert size peak (evaluated by paired-end reads): 312

JSON report: fastp.json
HTML report: data/html/PrimeStrs-4293_S1319.html

fastp --in1 data/fastqs/PrimeStrs-4293_S1319_L002_R1_001.fastq.gz --in2 data/fastqs/PrimeStrs-4293_S1319_L002_R2_001.fastq.gz --html data/html/PrimeStrs-4293_S1319.html --out1 data/poly-G-trimmed/PrimeStrs-4293_S1319_L002_R1_001.fastq.gz --out2 data/poly-G-trimmed/PrimeStrs-4293_S1319_L002_R2_001.fastq.gz --cut_tail --poly_g_min_len 4 --cut_tail_mean_quality 25 --cut_tail_window_size 2 --disable_adapter_trimming -l 150 -g -Q 
fastp v0.23.4, time used: 0 seconds
PrimeStrs-4293_S1319_L002_R1_001.fastq.gz
Read1 before filtering:
total reads: 421232
total bases: 105729232
Q20 bases: 100564371(95.115%)
Q30 bases: 93242789(88.1902%)

Read2 before filtering:
total reads: 421232
total bases: 105729232
Q20 bases: 98902469(93.5432%)
Q30 bases: 91813831(86.8386%)

Read1 after filtering:
total reads: 415790
total bases: 104002261
Q20 bases: 99111189(95.2971%)
Q30 bases: 91902494(88.3659%)

Read2 after filtering:
total reads: 415790
total bases: 103615864
Q20 bases: 97260281(93.8662%)
Q30 bases: 90297831(87.1467%)

Filtering result:
reads passed filter: 831580
reads failed due to low quality: 0
reads failed due to too many N: 0
reads failed due to too short: 10884

Duplication rate: 18.1598%

Insert size peak (evaluated by paired-end reads): 312

JSON report: fastp.json
HTML report: data/html/PrimeStrs-4305_S1308.html

fastp --in1 data/fastqs/PrimeStrs-4305_S1308_L002_R1_001.fastq.gz --in2 data/fastqs/PrimeStrs-4305_S1308_L002_R2_001.fastq.gz --html data/html/PrimeStrs-4305_S1308.html --out1 data/poly-G-trimmed/PrimeStrs-4305_S1308_L002_R1_001.fastq.gz --out2 data/poly-G-trimmed/PrimeStrs-4305_S1308_L002_R2_001.fastq.gz --cut_tail --poly_g_min_len 4 --cut_tail_mean_quality 25 --cut_tail_window_size 2 --disable_adapter_trimming -l 150 -g -Q 
fastp v0.23.4, time used: 2 seconds
PrimeStrs-4305_S1308_L002_R1_001.fastq.gz
Read1 before filtering:
total reads: 273014
total bases: 68526514
Q20 bases: 64754807(94.496%)
Q30 bases: 59656404(87.0559%)

Read2 before filtering:
total reads: 273014
total bases: 68526514
Q20 bases: 64411776(93.9954%)
Q30 bases: 59787238(87.2469%)

Read1 after filtering:
total reads: 258100
total bases: 64540724
Q20 bases: 61143128(94.7357%)
Q30 bases: 56260414(87.1704%)

Read2 after filtering:
total reads: 258100
total bases: 64303435
Q20 bases: 60570102(94.1942%)
Q30 bases: 56123366(87.279%)

Filtering result:
reads passed filter: 516200
reads failed due to low quality: 0
reads failed due to too many N: 0
reads failed due to too short: 29828

Duplication rate: 12.9667%

Insert size peak (evaluated by paired-end reads): 312

JSON report: fastp.json
HTML report: data/html/PrimeStrs-4829_S1318.html

fastp --in1 data/fastqs/PrimeStrs-4829_S1318_L002_R1_001.fastq.gz --in2 data/fastqs/PrimeStrs-4829_S1318_L002_R2_001.fastq.gz --html data/html/PrimeStrs-4829_S1318.html --out1 data/poly-G-trimmed/PrimeStrs-4829_S1318_L002_R1_001.fastq.gz --out2 data/poly-G-trimmed/PrimeStrs-4829_S1318_L002_R2_001.fastq.gz --cut_tail --poly_g_min_len 4 --cut_tail_mean_quality 25 --cut_tail_window_size 2 --disable_adapter_trimming -l 150 -g -Q 
fastp v0.23.4, time used: 2 seconds
PrimeStrs-4829_S1318_L002_R1_001.fastq.gz
Read1 before filtering:
total reads: 455706
total bases: 114382206
Q20 bases: 109443326(95.6821%)
Q30 bases: 101921113(89.1057%)

Read2 before filtering:
total reads: 455706
total bases: 114382206
Q20 bases: 108779329(95.1016%)
Q30 bases: 101503340(88.7405%)

Read1 after filtering:
total reads: 449215
total bases: 112441417
Q20 bases: 107711928(95.7938%)
Q30 bases: 100307759(89.2089%)

Read2 after filtering:
total reads: 449215
total bases: 112044591
Q20 bases: 106888871(95.3985%)
Q30 bases: 99734009(89.0128%)

Filtering result:
reads passed filter: 898430
reads failed due to low quality: 0
reads failed due to too many N: 0
reads failed due to too short: 12982

Duplication rate: 24.3493%

Insert size peak (evaluated by paired-end reads): 312

JSON report: fastp.json
HTML report: data/html/PrimeStrs-5837_S1326.html

fastp --in1 data/fastqs/PrimeStrs-5837_S1326_L002_R1_001.fastq.gz --in2 data/fastqs/PrimeStrs-5837_S1326_L002_R2_001.fastq.gz --html data/html/PrimeStrs-5837_S1326.html --out1 data/poly-G-trimmed/PrimeStrs-5837_S1326_L002_R1_001.fastq.gz --out2 data/poly-G-trimmed/PrimeStrs-5837_S1326_L002_R2_001.fastq.gz --cut_tail --poly_g_min_len 4 --cut_tail_mean_quality 25 --cut_tail_window_size 2 --disable_adapter_trimming -l 150 -g -Q 
fastp v0.23.4, time used: 2 seconds
PrimeStrs-5837_S1326_L002_R1_001.fastq.gz
Read1 before filtering:
total reads: 475270
total bases: 119292770
Q20 bases: 113772827(95.3728%)
Q30 bases: 105689838(88.597%)

Read2 before filtering:
total reads: 475270
total bases: 119292770
Q20 bases: 112354949(94.1842%)
Q30 bases: 104388122(87.5058%)

Read1 after filtering:
total reads: 465500
total bases: 116434363
Q20 bases: 111220803(95.5223%)
Q30 bases: 103302001(88.7212%)

Read2 after filtering:
total reads: 465500
total bases: 116061833
Q20 bases: 109638540(94.4656%)
Q30 bases: 101840176(87.7465%)

Filtering result:
reads passed filter: 931000
reads failed due to low quality: 0
reads failed due to too many N: 0
reads failed due to too short: 19540

Duplication rate: 14.9498%

Insert size peak (evaluated by paired-end reads): 312

JSON report: fastp.json
HTML report: data/html/PrimeStrs-6327_S1320.html

fastp --in1 data/fastqs/PrimeStrs-6327_S1320_L002_R1_001.fastq.gz --in2 data/fastqs/PrimeStrs-6327_S1320_L002_R2_001.fastq.gz --html data/html/PrimeStrs-6327_S1320.html --out1 data/poly-G-trimmed/PrimeStrs-6327_S1320_L002_R1_001.fastq.gz --out2 data/poly-G-trimmed/PrimeStrs-6327_S1320_L002_R2_001.fastq.gz --cut_tail --poly_g_min_len 4 --cut_tail_mean_quality 25 --cut_tail_window_size 2 --disable_adapter_trimming -l 150 -g -Q 
fastp v0.23.4, time used: 2 seconds
PrimeStrs-6327_S1320_L002_R1_001.fastq.gz
Read1 before filtering:
total reads: 502712
total bases: 126180712
Q20 bases: 119671860(94.8416%)
Q30 bases: 110469617(87.5487%)

Read2 before filtering:
total reads: 502712
total bases: 126180712
Q20 bases: 117521529(93.1375%)
Q30 bases: 108720966(86.1629%)

Read1 after filtering:
total reads: 499374
total bases: 124901331
Q20 bases: 118651169(94.9959%)
Q30 bases: 109549255(87.7086%)

Read2 after filtering:
total reads: 499374
total bases: 124330495
Q20 bases: 116291563(93.5342%)
Q30 bases: 107627447(86.5656%)

Filtering result:
reads passed filter: 998748
reads failed due to low quality: 0
reads failed due to too many N: 0
reads failed due to too short: 6676

Duplication rate: 10.3172%

Insert size peak (evaluated by paired-end reads): 312

JSON report: fastp.json
HTML report: data/html/PrimeStrs-6989_S1307.html

fastp --in1 data/fastqs/PrimeStrs-6989_S1307_L002_R1_001.fastq.gz --in2 data/fastqs/PrimeStrs-6989_S1307_L002_R2_001.fastq.gz --html data/html/PrimeStrs-6989_S1307.html --out1 data/poly-G-trimmed/PrimeStrs-6989_S1307_L002_R1_001.fastq.gz --out2 data/poly-G-trimmed/PrimeStrs-6989_S1307_L002_R2_001.fastq.gz --cut_tail --poly_g_min_len 4 --cut_tail_mean_quality 25 --cut_tail_window_size 2 --disable_adapter_trimming -l 150 -g -Q 
fastp v0.23.4, time used: 3 seconds
PrimeStrs-6989_S1307_L002_R1_001.fastq.gz
Read1 before filtering:
total reads: 383215
total bases: 96186965
Q20 bases: 83029187(86.3206%)
Q30 bases: 69429637(72.182%)

Read2 before filtering:
total reads: 383215
total bases: 96186965
Q20 bases: 90363030(93.9452%)
Q30 bases: 83952454(87.2805%)

Read1 after filtering:
total reads: 375510
total bases: 93598549
Q20 bases: 81161388(86.7122%)
Q30 bases: 67949016(72.5962%)

Read2 after filtering:
total reads: 375510
total bases: 93571487
Q20 bases: 88364538(94.4353%)
Q30 bases: 82149691(87.7935%)

Filtering result:
reads passed filter: 751020
reads failed due to low quality: 0
reads failed due to too many N: 0
reads failed due to too short: 15410

Duplication rate: 1.04432%

Insert size peak (evaluated by paired-end reads): 312

JSON report: fastp.json
HTML report: data/html/PrimeStrs-7147_S1321.html

fastp --in1 data/fastqs/PrimeStrs-7147_S1321_L002_R1_001.fastq.gz --in2 data/fastqs/PrimeStrs-7147_S1321_L002_R2_001.fastq.gz --html data/html/PrimeStrs-7147_S1321.html --out1 data/poly-G-trimmed/PrimeStrs-7147_S1321_L002_R1_001.fastq.gz --out2 data/poly-G-trimmed/PrimeStrs-7147_S1321_L002_R2_001.fastq.gz --cut_tail --poly_g_min_len 4 --cut_tail_mean_quality 25 --cut_tail_window_size 2 --disable_adapter_trimming -l 150 -g -Q 
fastp v0.23.4, time used: 2 seconds
PrimeStrs-7147_S1321_L002_R1_001.fastq.gz
Read1 before filtering:
total reads: 301193
total bases: 75599443
Q20 bases: 71302273(94.3159%)
Q30 bases: 65559679(86.7198%)

Read2 before filtering:
total reads: 301193
total bases: 75599443
Q20 bases: 70598909(93.3855%)
Q30 bases: 65501172(86.6424%)

Read1 after filtering:
total reads: 284443
total bases: 71068013
Q20 bases: 67168444(94.5129%)
Q30 bases: 61680728(86.7911%)

Read2 after filtering:
total reads: 284443
total bases: 70838873
Q20 bases: 66282679(93.5682%)
Q30 bases: 61410332(86.6902%)

Filtering result:
reads passed filter: 568886
reads failed due to low quality: 0
reads failed due to too many N: 0
reads failed due to too short: 33500

Duplication rate: 10.2559%

Insert size peak (evaluated by paired-end reads): 312

JSON report: fastp.json
HTML report: data/html/PrimeStrs-7435_S1316.html

fastp --in1 data/fastqs/PrimeStrs-7435_S1316_L002_R1_001.fastq.gz --in2 data/fastqs/PrimeStrs-7435_S1316_L002_R2_001.fastq.gz --html data/html/PrimeStrs-7435_S1316.html --out1 data/poly-G-trimmed/PrimeStrs-7435_S1316_L002_R1_001.fastq.gz --out2 data/poly-G-trimmed/PrimeStrs-7435_S1316_L002_R2_001.fastq.gz --cut_tail --poly_g_min_len 4 --cut_tail_mean_quality 25 --cut_tail_window_size 2 --disable_adapter_trimming -l 150 -g -Q 
fastp v0.23.4, time used: 2 seconds
PrimeStrs-7435_S1316_L002_R1_001.fastq.gz
Read1 before filtering:
total reads: 589334
total bases: 147922834
Q20 bases: 141366552(95.5678%)
Q30 bases: 131781122(89.0877%)

Read2 before filtering:
total reads: 589334
total bases: 147922834
Q20 bases: 138171389(93.4077%)
Q30 bases: 128344583(86.7646%)

Read1 after filtering:
total reads: 563494
total bases: 140993949
Q20 bases: 134893002(95.6729%)
Q30 bases: 125652283(89.1189%)

Read2 after filtering:
total reads: 563494
total bases: 140294280
Q20 bases: 131623664(93.8197%)
Q30 bases: 122167958(87.0798%)

Filtering result:
reads passed filter: 1126988
reads failed due to low quality: 0
reads failed due to too many N: 0
reads failed due to too short: 51680

Duplication rate: 13.4778%

Insert size peak (evaluated by paired-end reads): 312

JSON report: fastp.json
HTML report: data/html/PrimeStrs-7587_S1329.html

fastp --in1 data/fastqs/PrimeStrs-7587_S1329_L002_R1_001.fastq.gz --in2 data/fastqs/PrimeStrs-7587_S1329_L002_R2_001.fastq.gz --html data/html/PrimeStrs-7587_S1329.html --out1 data/poly-G-trimmed/PrimeStrs-7587_S1329_L002_R1_001.fastq.gz --out2 data/poly-G-trimmed/PrimeStrs-7587_S1329_L002_R2_001.fastq.gz --cut_tail --poly_g_min_len 4 --cut_tail_mean_quality 25 --cut_tail_window_size 2 --disable_adapter_trimming -l 150 -g -Q 
fastp v0.23.4, time used: 3 seconds
PrimeStrs-7587_S1329_L002_R1_001.fastq.gz
Read1 before filtering:
total reads: 426037
total bases: 106935287
Q20 bases: 101798039(95.1959%)
Q30 bases: 94322314(88.205%)

Read2 before filtering:
total reads: 426037
total bases: 106935287
Q20 bases: 101373306(94.7987%)
Q30 bases: 94597710(88.4626%)

Read1 after filtering:
total reads: 409904
total bases: 102573598
Q20 bases: 97762039(95.3092%)
Q30 bases: 90530075(88.2587%)

Read2 after filtering:
total reads: 409904
total bases: 102172351
Q20 bases: 97156421(95.0907%)
Q30 bases: 90593944(88.6678%)

Filtering result:
reads passed filter: 819808
reads failed due to low quality: 0
reads failed due to too many N: 0
reads failed due to too short: 32266

Duplication rate: 22.1591%

Insert size peak (evaluated by paired-end reads): 312

JSON report: fastp.json
HTML report: data/html/PrimeStrs-8297_S1330.html

fastp --in1 data/fastqs/PrimeStrs-8297_S1330_L002_R1_001.fastq.gz --in2 data/fastqs/PrimeStrs-8297_S1330_L002_R2_001.fastq.gz --html data/html/PrimeStrs-8297_S1330.html --out1 data/poly-G-trimmed/PrimeStrs-8297_S1330_L002_R1_001.fastq.gz --out2 data/poly-G-trimmed/PrimeStrs-8297_S1330_L002_R2_001.fastq.gz --cut_tail --poly_g_min_len 4 --cut_tail_mean_quality 25 --cut_tail_window_size 2 --disable_adapter_trimming -l 150 -g -Q 
fastp v0.23.4, time used: 2 seconds
PrimeStrs-8297_S1330_L002_R1_001.fastq.gz
Read1 before filtering:
total reads: 369458
total bases: 92733958
Q20 bases: 88252497(95.1674%)
Q30 bases: 81780674(88.1885%)

Read2 before filtering:
total reads: 369458
total bases: 92733958
Q20 bases: 87782992(94.6611%)
Q30 bases: 81509744(87.8963%)

Read1 after filtering:
total reads: 364375
total bases: 91181740
Q20 bases: 86924386(95.3309%)
Q30 bases: 80554154(88.3446%)

Read2 after filtering:
total reads: 364375
total bases: 90904812
Q20 bases: 86302255(94.9369%)
Q30 bases: 80132895(88.1503%)

Filtering result:
reads passed filter: 728750
reads failed due to low quality: 0
reads failed due to too many N: 0
reads failed due to too short: 10166

Duplication rate: 17.4688%

Insert size peak (evaluated by paired-end reads): 312

JSON report: fastp.json
HTML report: data/html/PrimeStrs-8773-QC_S1333.html

fastp --in1 data/fastqs/PrimeStrs-8773-QC_S1333_L002_R1_001.fastq.gz --in2 data/fastqs/PrimeStrs-8773-QC_S1333_L002_R2_001.fastq.gz --html data/html/PrimeStrs-8773-QC_S1333.html --out1 data/poly-G-trimmed/PrimeStrs-8773-QC_S1333_L002_R1_001.fastq.gz --out2 data/poly-G-trimmed/PrimeStrs-8773-QC_S1333_L002_R2_001.fastq.gz --cut_tail --poly_g_min_len 4 --cut_tail_mean_quality 25 --cut_tail_window_size 2 --disable_adapter_trimming -l 150 -g -Q 
fastp v0.23.4, time used: 2 seconds
PrimeStrs-8773-QC_S1333_L002_R1_001.fastq.gz
Read1 before filtering:
total reads: 182824
total bases: 45888824
Q20 bases: 43964845(95.8073%)
Q30 bases: 41042118(89.4382%)

Read2 before filtering:
total reads: 182824
total bases: 45888824
Q20 bases: 43534154(94.8688%)
Q30 bases: 40583653(88.4391%)

Read1 after filtering:
total reads: 181187
total bases: 45351432
Q20 bases: 43503630(95.9256%)
Q30 bases: 40615492(89.5572%)

Read2 after filtering:
total reads: 181187
total bases: 45194408
Q20 bases: 43012409(95.172%)
Q30 bases: 40104799(88.7384%)

Filtering result:
reads passed filter: 362374
reads failed due to low quality: 0
reads failed due to too many N: 0
reads failed due to too short: 3274

Duplication rate: 18.2356%

Insert size peak (evaluated by paired-end reads): 312

JSON report: fastp.json
HTML report: data/html/PrimeStrs-8773_S1332.html

fastp --in1 data/fastqs/PrimeStrs-8773_S1332_L002_R1_001.fastq.gz --in2 data/fastqs/PrimeStrs-8773_S1332_L002_R2_001.fastq.gz --html data/html/PrimeStrs-8773_S1332.html --out1 data/poly-G-trimmed/PrimeStrs-8773_S1332_L002_R1_001.fastq.gz --out2 data/poly-G-trimmed/PrimeStrs-8773_S1332_L002_R2_001.fastq.gz --cut_tail --poly_g_min_len 4 --cut_tail_mean_quality 25 --cut_tail_window_size 2 --disable_adapter_trimming -l 150 -g -Q 
fastp v0.23.4, time used: 1 seconds
PrimeStrs-8773_S1332_L002_R1_001.fastq.gz
Read1 before filtering:
total reads: 308072
total bases: 77326072
Q20 bases: 73652725(95.2495%)
Q30 bases: 68330943(88.3673%)

Read2 before filtering:
total reads: 308072
total bases: 77326072
Q20 bases: 73485748(95.0336%)
Q30 bases: 68528127(88.6223%)

Read1 after filtering:
total reads: 299190
total bases: 74860795
Q20 bases: 71384969(95.3569%)
Q30 bases: 66195318(88.4245%)

Read2 after filtering:
total reads: 299190
total bases: 74630063
Q20 bases: 71125475(95.3041%)
Q30 bases: 66280292(88.8118%)

Filtering result:
reads passed filter: 598380
reads failed due to low quality: 0
reads failed due to too many N: 0
reads failed due to too short: 17764

Duplication rate: 24.121%

Insert size peak (evaluated by paired-end reads): 312

JSON report: fastp.json
HTML report: data/html/PrimeStrs-8803-QC_S1311.html

fastp --in1 data/fastqs/PrimeStrs-8803-QC_S1311_L002_R1_001.fastq.gz --in2 data/fastqs/PrimeStrs-8803-QC_S1311_L002_R2_001.fastq.gz --html data/html/PrimeStrs-8803-QC_S1311.html --out1 data/poly-G-trimmed/PrimeStrs-8803-QC_S1311_L002_R1_001.fastq.gz --out2 data/poly-G-trimmed/PrimeStrs-8803-QC_S1311_L002_R2_001.fastq.gz --cut_tail --poly_g_min_len 4 --cut_tail_mean_quality 25 --cut_tail_window_size 2 --disable_adapter_trimming -l 150 -g -Q 
fastp v0.23.4, time used: 1 seconds
PrimeStrs-8803-QC_S1311_L002_R1_001.fastq.gz
Read1 before filtering:
total reads: 431434
total bases: 108289934
Q20 bases: 99345756(91.7405%)
Q30 bases: 88385678(81.6195%)

Read2 before filtering:
total reads: 431434
total bases: 108289934
Q20 bases: 102872631(94.9974%)
Q30 bases: 95911696(88.5694%)

Read1 after filtering:
total reads: 419251
total bases: 104737800
Q20 bases: 96246356(91.8927%)
Q30 bases: 85546280(81.6766%)

Read2 after filtering:
total reads: 419251
total bases: 104544185
Q20 bases: 99623684(95.2934%)
Q30 bases: 92857786(88.8216%)

Filtering result:
reads passed filter: 838502
reads failed due to low quality: 0
reads failed due to too many N: 0
reads failed due to too short: 24366

Duplication rate: 8.87714%

Insert size peak (evaluated by paired-end reads): 312

JSON report: fastp.json
HTML report: data/html/PrimeStrs-8803_S1309.html

fastp --in1 data/fastqs/PrimeStrs-8803_S1309_L002_R1_001.fastq.gz --in2 data/fastqs/PrimeStrs-8803_S1309_L002_R2_001.fastq.gz --html data/html/PrimeStrs-8803_S1309.html --out1 data/poly-G-trimmed/PrimeStrs-8803_S1309_L002_R1_001.fastq.gz --out2 data/poly-G-trimmed/PrimeStrs-8803_S1309_L002_R2_001.fastq.gz --cut_tail --poly_g_min_len 4 --cut_tail_mean_quality 25 --cut_tail_window_size 2 --disable_adapter_trimming -l 150 -g -Q 
fastp v0.23.4, time used: 2 seconds
PrimeStrs-8803_S1309_L002_R1_001.fastq.gz
Read1 before filtering:
total reads: 404976
total bases: 101648976
Q20 bases: 96139302(94.5797%)
Q30 bases: 88841825(87.4006%)

Read2 before filtering:
total reads: 404976
total bases: 101648976
Q20 bases: 94836019(93.2976%)
Q30 bases: 87573889(86.1532%)

Read1 after filtering:
total reads: 372000
total bases: 92984218
Q20 bases: 88195035(94.8495%)
Q30 bases: 81353706(87.492%)

Read2 after filtering:
total reads: 372000
total bases: 92596859
Q20 bases: 86538881(93.4577%)
Q30 bases: 79708376(86.0811%)

Filtering result:
reads passed filter: 744000
reads failed due to low quality: 0
reads failed due to too many N: 0
reads failed due to too short: 65952

Duplication rate: 11.3691%

Insert size peak (evaluated by paired-end reads): 312

JSON report: fastp.json
HTML report: data/html/PrimeStrs-97435_S1313.html

fastp --in1 data/fastqs/PrimeStrs-97435_S1313_L002_R1_001.fastq.gz --in2 data/fastqs/PrimeStrs-97435_S1313_L002_R2_001.fastq.gz --html data/html/PrimeStrs-97435_S1313.html --out1 data/poly-G-trimmed/PrimeStrs-97435_S1313_L002_R1_001.fastq.gz --out2 data/poly-G-trimmed/PrimeStrs-97435_S1313_L002_R2_001.fastq.gz --cut_tail --poly_g_min_len 4 --cut_tail_mean_quality 25 --cut_tail_window_size 2 --disable_adapter_trimming -l 150 -g -Q 
fastp v0.23.4, time used: 2 seconds
PrimeStrs-97435_S1313_L002_R1_001.fastq.gz
Read1 before filtering:
total reads: 360769
total bases: 90553019
Q20 bases: 86969927(96.0431%)
Q30 bases: 81443246(89.9398%)

Read2 before filtering:
total reads: 360769
total bases: 90553019
Q20 bases: 85553377(94.4788%)
Q30 bases: 79405832(87.6899%)

Read1 after filtering:
total reads: 352728
total bases: 88269352
Q20 bases: 84905210(96.1888%)
Q30 bases: 79507468(90.0737%)

Read2 after filtering:
total reads: 352728
total bases: 87949867
Q20 bases: 83359767(94.781%)
Q30 bases: 77351496(87.9495%)

Filtering result:
reads passed filter: 705456
reads failed due to low quality: 0
reads failed due to too many N: 0
reads failed due to too short: 16082

Duplication rate: 25.7239%

Insert size peak (evaluated by paired-end reads): 312

JSON report: fastp.json
HTML report: data/html/W1057_S1340.html

fastp --in1 data/fastqs/W1057_S1340_L002_R1_001.fastq.gz --in2 data/fastqs/W1057_S1340_L002_R2_001.fastq.gz --html data/html/W1057_S1340.html --out1 data/poly-G-trimmed/W1057_S1340_L002_R1_001.fastq.gz --out2 data/poly-G-trimmed/W1057_S1340_L002_R2_001.fastq.gz --cut_tail --poly_g_min_len 4 --cut_tail_mean_quality 25 --cut_tail_window_size 2 --disable_adapter_trimming -l 150 -g -Q 
fastp v0.23.4, time used: 2 seconds
W1057_S1340_L002_R1_001.fastq.gz
